[04-Dec-2025 13:04:35 Europe/Berlin] PHP Warning:  Undefined array key "email" in C:\JoonWeb_SDK\aisensy\auth\callback.php on line 46
[04-Dec-2025 13:04:53 Europe/Berlin] PHP Warning:  Undefined array key "crfToken" in C:\JoonWeb_SDK\aisensy\views\embedded\settings.php on line 93
[04-Dec-2025 13:04:58 Europe/Berlin] PHP Warning:  Undefined array key "crfToken" in C:\JoonWeb_SDK\aisensy\views\embedded\settings.php on line 93
[04-Dec-2025 13:05:01 Europe/Berlin] PHP Warning:  Undefined array key "crfToken" in C:\JoonWeb_SDK\aisensy\views\embedded\settings.php on line 93
[04-Dec-2025 13:05:04 Europe/Berlin] PHP Warning:  Undefined array key "crfToken" in C:\JoonWeb_SDK\aisensy\views\embedded\settings.php on line 93
[04-Dec-2025 13:05:07 Europe/Berlin] PHP Warning:  Undefined array key "crfToken" in C:\JoonWeb_SDK\aisensy\views\embedded\settings.php on line 93
[04-Dec-2025 13:41:19 Europe/Berlin] PHP Warning:  Undefined array key "crfToken" in C:\JoonWeb_SDK\aisensy\views\embedded\settings.php on line 93
[04-Dec-2025 13:41:25 Europe/Berlin] PHP Warning:  Undefined array key "crfToken" in C:\JoonWeb_SDK\aisensy\views\embedded\settings.php on line 93
[04-Dec-2025 14:20:13 Europe/Berlin] PHP Warning:  Undefined array key "crfToken" in C:\JoonWeb_SDK\aisensy\views\embedded\settings.php on line 93
[05-Dec-2025 07:25:56 Europe/Berlin] PHP Warning:  Undefined array key "email" in C:\JoonWeb_SDK\aisensy\auth\callback.php on line 46
[05-Dec-2025 07:28:43 Europe/Berlin] PHP Warning:  Undefined array key "email" in C:\JoonWeb_SDK\aisensy\auth\callback.php on line 46
[05-Dec-2025 09:07:55 Europe/Berlin] PHP Fatal error:  Uncaught Error: Class "JoonWeb\EmbedApp\Exception" not found in C:\JoonWeb_SDK\aisensy\src\JoonWebAPI.php:48
Stack trace:
#0 C:\JoonWeb_SDK\aisensy\auth\callback.php(30): JoonWeb\EmbedApp\JoonWebAPI->exchangeCodeForToken('jw_676492207234', 'mysite.myjoonwe...')
#1 {main}
  thrown in C:\JoonWeb_SDK\aisensy\src\JoonWebAPI.php on line 48
[05-Dec-2025 09:08:49 Europe/Berlin] PHP Fatal error:  Uncaught Error: Class "JoonWeb\EmbedApp\Exception" not found in C:\JoonWeb_SDK\aisensy\src\JoonWebAPI.php:48
Stack trace:
#0 C:\JoonWeb_SDK\aisensy\auth\callback.php(30): JoonWeb\EmbedApp\JoonWebAPI->exchangeCodeForToken('jw_676492207234', 'mysite.myjoonwe...')
#1 {main}
  thrown in C:\JoonWeb_SDK\aisensy\src\JoonWebAPI.php on line 48
[05-Dec-2025 09:09:24 Europe/Berlin] PHP Fatal error:  Uncaught Error: Class "JoonWeb\EmbedApp\Exception" not found in C:\JoonWeb_SDK\aisensy\src\JoonWebAPI.php:48
Stack trace:
#0 C:\JoonWeb_SDK\aisensy\auth\callback.php(30): JoonWeb\EmbedApp\JoonWebAPI->exchangeCodeForToken('jw_676492207234', 'mysite.myjoonwe...')
#1 {main}
  thrown in C:\JoonWeb_SDK\aisensy\src\JoonWebAPI.php on line 48
[05-Dec-2025 09:09:25 Europe/Berlin] PHP Fatal error:  Uncaught Error: Class "JoonWeb\EmbedApp\Exception" not found in C:\JoonWeb_SDK\aisensy\src\JoonWebAPI.php:48
Stack trace:
#0 C:\JoonWeb_SDK\aisensy\auth\callback.php(30): JoonWeb\EmbedApp\JoonWebAPI->exchangeCodeForToken('jw_676492207234', 'mysite.myjoonwe...')
#1 {main}
  thrown in C:\JoonWeb_SDK\aisensy\src\JoonWebAPI.php on line 48
[05-Dec-2025 09:09:26 Europe/Berlin] PHP Fatal error:  Uncaught Error: Class "JoonWeb\EmbedApp\Exception" not found in C:\JoonWeb_SDK\aisensy\src\JoonWebAPI.php:48
Stack trace:
#0 C:\JoonWeb_SDK\aisensy\auth\callback.php(30): JoonWeb\EmbedApp\JoonWebAPI->exchangeCodeForToken('jw_676492207234', 'mysite.myjoonwe...')
#1 {main}
  thrown in C:\JoonWeb_SDK\aisensy\src\JoonWebAPI.php on line 48
[05-Dec-2025 09:10:58 Europe/Berlin] PHP Warning:  Trying to access array offset on value of type null in C:\JoonWeb_SDK\aisensy\src\DBSessionManager.php on line 17
[05-Dec-2025 09:10:58 Europe/Berlin] PHP Warning:  Trying to access array offset on value of type null in C:\JoonWeb_SDK\aisensy\src\DBSessionManager.php on line 18
[05-Dec-2025 09:10:58 Europe/Berlin] PHP Warning:  Trying to access array offset on value of type null in C:\JoonWeb_SDK\aisensy\src\DBSessionManager.php on line 61
[05-Dec-2025 09:10:58 Europe/Berlin] PHP Warning:  Trying to access array offset on value of type null in C:\JoonWeb_SDK\aisensy\src\DBSessionManager.php on line 61
[05-Dec-2025 09:10:58 Europe/Berlin] PHP Warning:  Trying to access array offset on value of type null in C:\JoonWeb_SDK\aisensy\src\DBSessionManager.php on line 85
[05-Dec-2025 09:10:58 Europe/Berlin] Database error in storeSiteInDatabase: SQLSTATE[23000]: Integrity constraint violation: 19 NOT NULL constraint failed: sites.access_token
[05-Dec-2025 09:10:58 Europe/Berlin] PHP Warning:  Trying to access array offset on value of type null in C:\JoonWeb_SDK\aisensy\auth\callback.php on line 38
[05-Dec-2025 09:10:58 Europe/Berlin] PHP Fatal error:  Uncaught Error: Class "JoonWeb\EmbedApp\Exception" not found in C:\JoonWeb_SDK\aisensy\src\JoonWebAPI.php:54
Stack trace:
#0 C:\JoonWeb_SDK\aisensy\src\JoonWebAPI.php(101): JoonWeb\EmbedApp\JoonWebAPI->api('/site.json')
#1 C:\JoonWeb_SDK\aisensy\auth\callback.php(40): JoonWeb\EmbedApp\JoonWebAPI->getSite()
#2 {main}
  thrown in C:\JoonWeb_SDK\aisensy\src\JoonWebAPI.php on line 54
[05-Dec-2025 09:11:01 Europe/Berlin] PHP Warning:  Trying to access array offset on value of type null in C:\JoonWeb_SDK\aisensy\src\DBSessionManager.php on line 17
[05-Dec-2025 09:11:01 Europe/Berlin] PHP Warning:  Trying to access array offset on value of type null in C:\JoonWeb_SDK\aisensy\src\DBSessionManager.php on line 18
[05-Dec-2025 09:11:01 Europe/Berlin] PHP Warning:  Trying to access array offset on value of type null in C:\JoonWeb_SDK\aisensy\src\DBSessionManager.php on line 61
[05-Dec-2025 09:11:01 Europe/Berlin] PHP Warning:  Trying to access array offset on value of type null in C:\JoonWeb_SDK\aisensy\src\DBSessionManager.php on line 61
[05-Dec-2025 09:11:01 Europe/Berlin] PHP Warning:  Trying to access array offset on value of type null in C:\JoonWeb_SDK\aisensy\src\DBSessionManager.php on line 85
[05-Dec-2025 09:11:01 Europe/Berlin] Database error in storeSiteInDatabase: SQLSTATE[23000]: Integrity constraint violation: 19 NOT NULL constraint failed: sites.access_token
[05-Dec-2025 09:11:01 Europe/Berlin] PHP Warning:  Trying to access array offset on value of type null in C:\JoonWeb_SDK\aisensy\auth\callback.php on line 38
[05-Dec-2025 09:11:01 Europe/Berlin] PHP Fatal error:  Uncaught Error: Class "JoonWeb\EmbedApp\Exception" not found in C:\JoonWeb_SDK\aisensy\src\JoonWebAPI.php:54
Stack trace:
#0 C:\JoonWeb_SDK\aisensy\src\JoonWebAPI.php(101): JoonWeb\EmbedApp\JoonWebAPI->api('/site.json')
#1 C:\JoonWeb_SDK\aisensy\auth\callback.php(40): JoonWeb\EmbedApp\JoonWebAPI->getSite()
#2 {main}
  thrown in C:\JoonWeb_SDK\aisensy\src\JoonWebAPI.php on line 54
[05-Dec-2025 09:11:34 Europe/Berlin] PHP Warning:  Trying to access array offset on value of type null in C:\JoonWeb_SDK\aisensy\src\DBSessionManager.php on line 17
[05-Dec-2025 09:11:34 Europe/Berlin] PHP Warning:  Trying to access array offset on value of type null in C:\JoonWeb_SDK\aisensy\src\DBSessionManager.php on line 18
[05-Dec-2025 09:11:34 Europe/Berlin] PHP Warning:  Trying to access array offset on value of type null in C:\JoonWeb_SDK\aisensy\src\DBSessionManager.php on line 61
[05-Dec-2025 09:11:34 Europe/Berlin] PHP Warning:  Trying to access array offset on value of type null in C:\JoonWeb_SDK\aisensy\src\DBSessionManager.php on line 61
[05-Dec-2025 09:11:34 Europe/Berlin] PHP Warning:  Trying to access array offset on value of type null in C:\JoonWeb_SDK\aisensy\src\DBSessionManager.php on line 85
[05-Dec-2025 09:11:34 Europe/Berlin] Database error in storeSiteInDatabase: SQLSTATE[23000]: Integrity constraint violation: 19 NOT NULL constraint failed: sites.access_token
[05-Dec-2025 09:11:34 Europe/Berlin] PHP Warning:  Trying to access array offset on value of type null in C:\JoonWeb_SDK\aisensy\auth\callback.php on line 37
[05-Dec-2025 09:11:34 Europe/Berlin] PHP Fatal error:  Uncaught Error: Class "JoonWeb\EmbedApp\Exception" not found in C:\JoonWeb_SDK\aisensy\src\JoonWebAPI.php:54
Stack trace:
#0 C:\JoonWeb_SDK\aisensy\src\JoonWebAPI.php(101): JoonWeb\EmbedApp\JoonWebAPI->api('/site.json')
#1 C:\JoonWeb_SDK\aisensy\auth\callback.php(39): JoonWeb\EmbedApp\JoonWebAPI->getSite()
#2 {main}
  thrown in C:\JoonWeb_SDK\aisensy\src\JoonWebAPI.php on line 54
[05-Dec-2025 09:11:37 Europe/Berlin] PHP Warning:  Trying to access array offset on value of type null in C:\JoonWeb_SDK\aisensy\src\DBSessionManager.php on line 17
[05-Dec-2025 09:11:37 Europe/Berlin] PHP Warning:  Trying to access array offset on value of type null in C:\JoonWeb_SDK\aisensy\src\DBSessionManager.php on line 18
[05-Dec-2025 09:11:37 Europe/Berlin] PHP Warning:  Trying to access array offset on value of type null in C:\JoonWeb_SDK\aisensy\src\DBSessionManager.php on line 61
[05-Dec-2025 09:11:37 Europe/Berlin] PHP Warning:  Trying to access array offset on value of type null in C:\JoonWeb_SDK\aisensy\src\DBSessionManager.php on line 61
[05-Dec-2025 09:11:37 Europe/Berlin] PHP Warning:  Trying to access array offset on value of type null in C:\JoonWeb_SDK\aisensy\src\DBSessionManager.php on line 85
[05-Dec-2025 09:11:37 Europe/Berlin] Database error in storeSiteInDatabase: SQLSTATE[23000]: Integrity constraint violation: 19 NOT NULL constraint failed: sites.access_token
[05-Dec-2025 09:11:37 Europe/Berlin] PHP Warning:  Trying to access array offset on value of type null in C:\JoonWeb_SDK\aisensy\auth\callback.php on line 37
[05-Dec-2025 09:11:37 Europe/Berlin] PHP Fatal error:  Uncaught Error: Class "JoonWeb\EmbedApp\Exception" not found in C:\JoonWeb_SDK\aisensy\src\JoonWebAPI.php:54
Stack trace:
#0 C:\JoonWeb_SDK\aisensy\src\JoonWebAPI.php(101): JoonWeb\EmbedApp\JoonWebAPI->api('/site.json')
#1 C:\JoonWeb_SDK\aisensy\auth\callback.php(39): JoonWeb\EmbedApp\JoonWebAPI->getSite()
#2 {main}
  thrown in C:\JoonWeb_SDK\aisensy\src\JoonWebAPI.php on line 54
[05-Dec-2025 09:13:34 Europe/Berlin] PHP Warning:  Undefined array key "email" in C:\JoonWeb_SDK\aisensy\auth\callback.php on line 47
[05-Dec-2025 09:13:47 Europe/Berlin] PHP Warning:  Undefined variable $adminNumber in C:\JoonWeb_SDK\aisensy\views\embedded\settings.php on line 59
[05-Dec-2025 09:13:47 Europe/Berlin] PHP Warning:  Undefined array key "crfToken" in C:\JoonWeb_SDK\aisensy\views\embedded\settings.php on line 94
[05-Dec-2025 09:13:50 Europe/Berlin] PHP Warning:  Undefined variable $adminNumber in C:\JoonWeb_SDK\aisensy\views\embedded\settings.php on line 59
[05-Dec-2025 09:13:50 Europe/Berlin] PHP Warning:  Undefined array key "crfToken" in C:\JoonWeb_SDK\aisensy\views\embedded\settings.php on line 94
[05-Dec-2025 09:13:52 Europe/Berlin] PHP Warning:  Undefined variable $adminNumber in C:\JoonWeb_SDK\aisensy\views\embedded\settings.php on line 59
[05-Dec-2025 09:13:52 Europe/Berlin] PHP Warning:  Undefined array key "crfToken" in C:\JoonWeb_SDK\aisensy\views\embedded\settings.php on line 94
[05-Dec-2025 09:13:52 Europe/Berlin] PHP Warning:  Undefined variable $adminNumber in C:\JoonWeb_SDK\aisensy\views\embedded\settings.php on line 59
[05-Dec-2025 09:13:52 Europe/Berlin] PHP Warning:  Undefined array key "crfToken" in C:\JoonWeb_SDK\aisensy\views\embedded\settings.php on line 94
[05-Dec-2025 09:13:53 Europe/Berlin] PHP Warning:  Undefined variable $adminNumber in C:\JoonWeb_SDK\aisensy\views\embedded\settings.php on line 59
[05-Dec-2025 09:13:53 Europe/Berlin] PHP Warning:  Undefined array key "crfToken" in C:\JoonWeb_SDK\aisensy\views\embedded\settings.php on line 94
[05-Dec-2025 09:16:29 Europe/Berlin] PHP Warning:  Undefined variable $adminNumber in C:\JoonWeb_SDK\aisensy\views\embedded\settings.php on line 65
[05-Dec-2025 09:16:29 Europe/Berlin] PHP Warning:  Undefined array key "crfToken" in C:\JoonWeb_SDK\aisensy\views\embedded\settings.php on line 99
[05-Dec-2025 09:16:39 Europe/Berlin] PHP Warning:  Undefined variable $adminNumber in C:\JoonWeb_SDK\aisensy\views\embedded\settings.php on line 65
[05-Dec-2025 09:16:39 Europe/Berlin] PHP Warning:  Undefined array key "crfToken" in C:\JoonWeb_SDK\aisensy\views\embedded\settings.php on line 99
[05-Dec-2025 09:17:12 Europe/Berlin] PHP Warning:  Undefined variable $adminNumber in C:\JoonWeb_SDK\aisensy\views\embedded\settings.php on line 66
[05-Dec-2025 09:17:12 Europe/Berlin] PHP Warning:  Undefined array key "crfToken" in C:\JoonWeb_SDK\aisensy\views\embedded\settings.php on line 101
[05-Dec-2025 09:17:36 Europe/Berlin] PHP Warning:  Undefined variable $adminNumber in C:\JoonWeb_SDK\aisensy\views\embedded\settings.php on line 66
[05-Dec-2025 09:17:36 Europe/Berlin] PHP Warning:  Undefined array key "crfToken" in C:\JoonWeb_SDK\aisensy\views\embedded\settings.php on line 101
[05-Dec-2025 09:19:28 Europe/Berlin] PHP Warning:  Undefined array key "crfToken" in C:\JoonWeb_SDK\aisensy\views\embedded\settings.php on line 101
[05-Dec-2025 09:19:43 Europe/Berlin] PHP Warning:  Undefined array key "crfToken" in C:\JoonWeb_SDK\aisensy\views\embedded\settings.php on line 100
[05-Dec-2025 09:19:59 Europe/Berlin] PHP Warning:  Undefined array key "crfToken" in C:\JoonWeb_SDK\aisensy\views\embedded\settings.php on line 100
[05-Dec-2025 09:20:03 Europe/Berlin] PHP Warning:  Undefined array key "crfToken" in C:\JoonWeb_SDK\aisensy\views\embedded\settings.php on line 100
[05-Dec-2025 09:20:06 Europe/Berlin] PHP Warning:  Undefined array key "crfToken" in C:\JoonWeb_SDK\aisensy\views\embedded\settings.php on line 100
[05-Dec-2025 09:20:17 Europe/Berlin] PHP Warning:  Undefined array key "crfToken" in C:\JoonWeb_SDK\aisensy\views\embedded\settings.php on line 100
[05-Dec-2025 09:20:44 Europe/Berlin] PHP Warning:  Undefined array key "crfToken" in C:\JoonWeb_SDK\aisensy\views\embedded\settings.php on line 109
[05-Dec-2025 09:21:28 Europe/Berlin] PHP Warning:  Undefined array key "crfToken" in C:\JoonWeb_SDK\aisensy\views\embedded\settings.php on line 109
[05-Dec-2025 09:21:31 Europe/Berlin] PHP Warning:  Undefined array key "crfToken" in C:\JoonWeb_SDK\aisensy\views\embedded\settings.php on line 109
[05-Dec-2025 09:21:48 Europe/Berlin] PHP Warning:  Undefined array key "crfToken" in C:\JoonWeb_SDK\aisensy\views\embedded\settings.php on line 112
[05-Dec-2025 09:23:09 Europe/Berlin] PHP Warning:  Undefined array key "crfToken" in C:\JoonWeb_SDK\aisensy\views\embedded\settings.php on line 113
[05-Dec-2025 09:23:12 Europe/Berlin] PHP Warning:  Undefined array key "crfToken" in C:\JoonWeb_SDK\aisensy\views\embedded\settings.php on line 113
[05-Dec-2025 09:23:18 Europe/Berlin] PHP Warning:  Undefined array key "crfToken" in C:\JoonWeb_SDK\aisensy\views\embedded\settings.php on line 113
[05-Dec-2025 09:23:18 Europe/Berlin] PHP Warning:  Undefined array key "crfToken" in C:\JoonWeb_SDK\aisensy\views\embedded\settings.php on line 113
[05-Dec-2025 09:23:18 Europe/Berlin] PHP Warning:  Undefined array key "crfToken" in C:\JoonWeb_SDK\aisensy\views\embedded\settings.php on line 113
[05-Dec-2025 09:24:21 Europe/Berlin] PHP Warning:  Undefined array key "crfToken" in C:\JoonWeb_SDK\aisensy\views\embedded\settings.php on line 113
[05-Dec-2025 09:25:48 Europe/Berlin] PHP Warning:  Undefined array key "crfToken" in C:\JoonWeb_SDK\aisensy\views\embedded\settings.php on line 113
[05-Dec-2025 09:26:07 Europe/Berlin] PHP Warning:  Undefined array key "crfToken" in C:\JoonWeb_SDK\aisensy\views\embedded\settings.php on line 113
[05-Dec-2025 09:26:17 Europe/Berlin] PHP Warning:  Undefined array key "crfToken" in C:\JoonWeb_SDK\aisensy\views\embedded\settings.php on line 113
[05-Dec-2025 09:26:20 Europe/Berlin] PHP Warning:  Undefined array key "crfToken" in C:\JoonWeb_SDK\aisensy\views\embedded\settings.php on line 113
[05-Dec-2025 10:25:46 Europe/Berlin] PHP Warning:  Undefined array key "crfToken" in C:\JoonWeb_SDK\aisensy\views\embedded\settings.php on line 113
[05-Dec-2025 10:25:49 Europe/Berlin] PHP Warning:  Undefined array key "crfToken" in C:\JoonWeb_SDK\aisensy\views\embedded\settings.php on line 113
[05-Dec-2025 10:29:35 Europe/Berlin] PHP Warning:  Undefined array key "crfToken" in C:\JoonWeb_SDK\aisensy\views\embedded\settings.php on line 113
[16-Dec-2025 12:03:15 Europe/Berlin] PHP Warning:  Undefined array key "email" in C:\JoonWeb_SDK\ExtensionApp\myfloating\auth\callback.php on line 47
[16-Dec-2025 12:03:51 Europe/Berlin] PHP Warning:  Undefined array key "crfToken" in C:\JoonWeb_SDK\ExtensionApp\myfloating\views\embedded\settings.php on line 113
[16-Dec-2025 12:04:04 Europe/Berlin] PHP Warning:  Undefined array key "crfToken" in C:\JoonWeb_SDK\ExtensionApp\myfloating\views\embedded\settings.php on line 113
[16-Dec-2025 14:40:50 Europe/Berlin] PHP Warning:  Undefined array key "email" in C:\JoonWeb_SDK\ExtensionApp\myfloating\auth\callback.php on line 47
[16-Dec-2025 14:46:15 Europe/Berlin] PHP Warning:  Undefined array key "email" in C:\JoonWeb_SDK\ExtensionApp\myfloating\auth\callback.php on line 47
[16-Dec-2025 14:47:21 Europe/Berlin] PHP Warning:  Undefined array key "email" in C:\JoonWeb_SDK\ExtensionApp\myfloating\auth\callback.php on line 47
[16-Dec-2025 14:48:33 Europe/Berlin] PHP Warning:  Undefined array key "email" in C:\JoonWeb_SDK\ExtensionApp\myfloating\auth\callback.php on line 47
[16-Dec-2025 14:59:16 Europe/Berlin] PHP Warning:  Undefined array key "email" in C:\JoonWeb_SDK\ExtensionApp\myfloating\auth\callback.php on line 47
[16-Dec-2025 15:00:53 Europe/Berlin] PHP Warning:  Undefined array key "email" in C:\JoonWeb_SDK\ExtensionApp\myfloating\auth\callback.php on line 47
[20-Dec-2025 14:46:31 Europe/Berlin] PHP Warning:  Undefined array key "email" in C:\JoonWeb_SDK\ExtensionApp\myfloating\auth\callback.php on line 47
